errors.cpp: In function 'int main()':
errors.cpp:9: error: 'class std::list<std::basic_string<char, std::char_traits<char>, std::allocator<char> >, std::allocator<std::basic_string<char, std::char_traits<char>, std::allocator<char> > > >' has no member named 'append'
errors.cpp:10: error: no match for 'operator<<' in 'std::cout << ls'
c:\mingw\bin\../lib/gcc/mingw32/4.4.1/include/c++/ostream:108: note: candidates are: std::basic_ostream<_CharT, _Traits>& std::basic_ostream<_CharT, _Traits>::operator<<(std::basic_ostream<_CharT, _Traits>& (*)(std::basic_ostream<_CharT, _Traits>&)) [with _CharT = char, _Traits = std::char_traits<char>]
c:\mingw\bin\../lib/gcc/mingw32/4.4.1/include/c++/ostream:117: note:                 std::basic_ostream<_CharT, _Traits>& std::basic_ostream<_CharT, _Traits>::operator<<(std::basic_ios<_CharT, _Traits>& (*)(std::basic_ios<_CharT, _Traits>&)) [with _CharT = char, _Traits = std::char_traits<char>]
c:\mingw\bin\../lib/gcc/mingw32/4.4.1/include/c++/ostream:127: note:                 std::basic_ostream<_CharT, _Traits>& std::basic_ostream<_CharT, _Traits>::operator<<(std::ios_base& (*)(std::ios_base&)) [with _CharT = char, _Traits = std::char_traits<char>]
c:\mingw\bin\../lib/gcc/mingw32/4.4.1/include/c++/ostream:165: note:                 std::basic_ostream<_CharT, _Traits>& std::basic_ostream<_CharT, _Traits>::operator<<(long int) [with _CharT = char, _Traits = std::char_traits<char>]
c:\mingw\bin\../lib/gcc/mingw32/4.4.1/include/c++/ostream:169: note:                 std::basic_ostream<_CharT, _Traits>& std::basic_ostream<_CharT, _Traits>::operator<<(long unsigned int) [with _CharT = char, _Traits = std::char_traits<char>]
c:\mingw\bin\../lib/gcc/mingw32/4.4.1/include/c++/ostream:173: note:                 std::basic_ostream<_CharT, _Traits>& std::basic_ostream<_CharT, _Traits>::operator<<(bool) [with _CharT = char, _Traits = std::char_traits<char>]
c:\mingw\bin\../lib/gcc/mingw32/4.4.1/include/c++/bits/ostream.tcc:91: note:                 std::basic_ostream<_CharT, _Traits>& std::basic_ostream<_CharT, _Traits>::operator<<(short int) [with _CharT = char, _Traits = std::char_traits<char>]
c:\mingw\bin\../lib/gcc/mingw32/4.4.1/include/c++/ostream:180: note:                 std::basic_ostream<_CharT, _Traits>& std::basic_ostream<_CharT, _Traits>::operator<<(short unsigned int) [with _CharT = char, _Traits = std::char_traits<char>]
c:\mingw\bin\../lib/gcc/mingw32/4.4.1/include/c++/bits/ostream.tcc:105: note:                 std::basic_ostream<_CharT, _Traits>& std::basic_ostream<_CharT, _Traits>::operator<<(int) [with _CharT = char, _Traits = std::char_traits<char>]
c:\mingw\bin\../lib/gcc/mingw32/4.4.1/include/c++/ostream:191: note:                 std::basic_ostream<_CharT, _Traits>& std::basic_ostream<_CharT, _Traits>::operator<<(unsigned int) [with _CharT = char, _Traits = std::char_traits<char>]
c:\mingw\bin\../lib/gcc/mingw32/4.4.1/include/c++/ostream:200: note:                 std::basic_ostream<_CharT, _Traits>& std::basic_ostream<_CharT, _Traits>::operator<<(long long int) [with _CharT = char, _Traits = std::char_traits<char>]
c:\mingw\bin\../lib/gcc/mingw32/4.4.1/include/c++/ostream:204: note:                 std::basic_ostream<_CharT, _Traits>& std::basic_ostream<_CharT, _Traits>::operator<<(long long unsigned int) [with _CharT = char, _Traits = std::char_traits<char>]
c:\mingw\bin\../lib/gcc/mingw32/4.4.1/include/c++/ostream:209: note:                 std::basic_ostream<_CharT, _Traits>& std::basic_ostream<_CharT, _Traits>::operator<<(double) [with _CharT = char, _Traits = std::char_traits<char>]
c:\mingw\bin\../lib/gcc/mingw32/4.4.1/include/c++/ostream:213: note:                 std::basic_ostream<_CharT, _Traits>& std::basic_ostream<_CharT, _Traits>::operator<<(float) [with _CharT = char, _Traits = std::char_traits<char>]
c:\mingw\bin\../lib/gcc/mingw32/4.4.1/include/c++/ostream:221: note:                 std::basic_ostream<_CharT, _Traits>& std::basic_ostream<_CharT, _Traits>::operator<<(long double) [with _CharT = char, _Traits = std::char_traits<char>]
c:\mingw\bin\../lib/gcc/mingw32/4.4.1/include/c++/ostream:225: note:                 std::basic_ostream<_CharT, _Traits>& std::basic_ostream<_CharT, _Traits>::operator<<(const void*) [with _CharT = char, _Traits = std::char_traits<char>]
c:\mingw\bin\../lib/gcc/mingw32/4.4.1/include/c++/bits/ostream.tcc:119: note:                 std::basic_ostream<_CharT, _Traits>& std::basic_ostream<_CharT, _Traits>::operator<<(std::basic_streambuf<_CharT, _Traits>*) [with _CharT = char, _Traits = std::char_traits<char>]
lake: failed with code 1
